c:\users\lenovo\source\repos\financial_management\financial_management\x64\debug\vc143.pdb
c:\users\lenovo\source\repos\financial_management\financial_management\x64\debug\vc143.idb
c:\users\lenovo\source\repos\financial_management\financial_management\x64\debug\recordmanager.obj
c:\users\lenovo\source\repos\financial_management\financial_management\x64\debug\record.obj
c:\users\lenovo\source\repos\financial_management\financial_management\x64\debug\spend_record.obj
c:\users\lenovo\source\repos\financial_management\financial_management\x64\debug\menu.obj
c:\users\lenovo\source\repos\financial_management\financial_management\x64\debug\main.obj
c:\users\lenovo\source\repos\financial_management\financial_management\x64\debug\income_record.obj
c:\users\lenovo\source\repos\financial_management\financial_management\x64\debug\date.obj
c:\users\lenovo\source\repos\financial_management\financial_management\x64\debug\financial_management.ilk
c:\users\lenovo\source\repos\financial_management\x64\debug\financial_management.pdb
c:\users\lenovo\source\repos\financial_management\financial_management\x64\debug\financia.579dfcfc.tlog\cl.command.1.tlog
c:\users\lenovo\source\repos\financial_management\financial_management\x64\debug\financia.579dfcfc.tlog\cl.items.tlog
c:\users\lenovo\source\repos\financial_management\financial_management\x64\debug\financia.579dfcfc.tlog\cl.read.1.tlog
c:\users\lenovo\source\repos\financial_management\financial_management\x64\debug\financia.579dfcfc.tlog\cl.write.1.tlog
c:\users\lenovo\source\repos\financial_management\financial_management\x64\debug\financia.579dfcfc.tlog\link.12460-cvtres.read.1.tlog
c:\users\lenovo\source\repos\financial_management\financial_management\x64\debug\financia.579dfcfc.tlog\link.12460-cvtres.write.1.tlog
c:\users\lenovo\source\repos\financial_management\financial_management\x64\debug\financia.579dfcfc.tlog\link.12460-rc.read.1.tlog
c:\users\lenovo\source\repos\financial_management\financial_management\x64\debug\financia.579dfcfc.tlog\link.12460-rc.write.1.tlog
c:\users\lenovo\source\repos\financial_management\financial_management\x64\debug\financia.579dfcfc.tlog\link.12460.read.1.tlog
c:\users\lenovo\source\repos\financial_management\financial_management\x64\debug\financia.579dfcfc.tlog\link.12460.read.2.tlog
c:\users\lenovo\source\repos\financial_management\financial_management\x64\debug\financia.579dfcfc.tlog\link.12460.read.3.tlog
c:\users\lenovo\source\repos\financial_management\financial_management\x64\debug\financia.579dfcfc.tlog\link.12460.read.4.tlog
c:\users\lenovo\source\repos\financial_management\financial_management\x64\debug\financia.579dfcfc.tlog\link.12460.write.1.tlog
c:\users\lenovo\source\repos\financial_management\financial_management\x64\debug\financia.579dfcfc.tlog\link.command.1.tlog
c:\users\lenovo\source\repos\financial_management\financial_management\x64\debug\financia.579dfcfc.tlog\link.read.1.tlog
c:\users\lenovo\source\repos\financial_management\financial_management\x64\debug\financia.579dfcfc.tlog\link.secondary.1.tlog
c:\users\lenovo\source\repos\financial_management\financial_management\x64\debug\financia.579dfcfc.tlog\link.write.1.tlog
